<?xml version="1.0" encoding="UTF-8"?>
<!-- Generated by org.testng.reporters.JUnitReportReporter -->
<testsuite hostname="ST-NBXPS09" failures="0" tests="6" name="test.java.searchForAnItemTest" time="214.698" errors="0" timestamp="2022-11-02T01:10:57 CAT" skipped="0">
  <testcase classname="test.java.searchForAnItemTest" name="TC2Test" time="30.034"/>
  <system-out/>
  <testcase classname="test.java.searchForAnItemTest" name="TC4Test" time="18.746"/>
  <system-out/>
  <testcase classname="test.java.searchForAnItemTest" name="TC1Test" time="22.904"/>
  <system-out/>
  <testcase classname="test.java.searchForAnItemTest" name="TC3Test" time="25.614"/>
  <system-out/>
  <testcase classname="test.java.searchForAnItemTest" name="TC6Test" time="21.437"/>
  <system-out/>
  <testcase classname="test.java.searchForAnItemTest" name="TC5Test" time="95.963"/>
  <system-out/>
</testsuite> <!-- test.java.searchForAnItemTest -->
