<?xml version="1.0" encoding="UTF-8"?>
<!-- Generated by org.testng.reporters.JUnitReportReporter -->
<testsuite hostname="ST-NBXPS09" failures="0" tests="6" name="shopPackage.tests.searchForAnItem" time="248.918" errors="0" timestamp="2022-11-01T22:59:35 CAT" skipped="0">
  <testcase classname="shopPackage.tests.searchForAnItem" name="TC1" time="19.499"/>
  <system-out/>
  <testcase classname="shopPackage.tests.searchForAnItem" name="TC6" time="37.718"/>
  <system-out/>
  <testcase classname="shopPackage.tests.searchForAnItem" name="TC2" time="33.836"/>
  <system-out/>
  <testcase classname="shopPackage.tests.searchForAnItem" name="TC4" time="20.248"/>
  <system-out/>
  <testcase classname="shopPackage.tests.searchForAnItem" name="TC3" time="29.620"/>
  <system-out/>
  <testcase classname="shopPackage.tests.searchForAnItem" name="TC5" time="107.997"/>
  <system-out/>
</testsuite> <!-- shopPackage.tests.searchForAnItem -->
